0 info it worked if it ends with ok
1 verbose cli [ 'node', '/home/uma/.node/bin/npm', 'start' ]
2 info using npm@2.11.3
3 info using node@v0.10.25
4 verbose node symlink /usr/bin/node
5 verbose stack Error: missing script: start
5 verbose stack     at run (/home/uma/.node/lib/node_modules/npm/lib/run-script.js:142:19)
5 verbose stack     at /home/uma/.node/lib/node_modules/npm/lib/run-script.js:58:5
5 verbose stack     at /home/uma/.node/lib/node_modules/npm/node_modules/read-package-json/read-json.js:345:5
5 verbose stack     at checkBinReferences_ (/home/uma/.node/lib/node_modules/npm/node_modules/read-package-json/read-json.js:309:45)
5 verbose stack     at final (/home/uma/.node/lib/node_modules/npm/node_modules/read-package-json/read-json.js:343:3)
5 verbose stack     at then (/home/uma/.node/lib/node_modules/npm/node_modules/read-package-json/read-json.js:113:5)
5 verbose stack     at /home/uma/.node/lib/node_modules/npm/node_modules/read-package-json/read-json.js:284:20
5 verbose stack     at evalmachine.<anonymous>:207:20
5 verbose stack     at OpenReq.Req.done (/home/uma/.node/lib/node_modules/npm/node_modules/graceful-fs/graceful-fs.js:141:5)
5 verbose stack     at OpenReq.done (/home/uma/.node/lib/node_modules/npm/node_modules/graceful-fs/graceful-fs.js:61:22)
6 verbose cwd /home/re/src
7 error Linux 3.13.0-32-generic
8 error argv "node" "/home/uma/.node/bin/npm" "start"
9 error node v0.10.25
10 error npm  v2.11.3
11 error missing script: start
12 error If you need help, you may report this error at:
12 error     <https://github.com/npm/npm/issues>
13 verbose exit [ 1, true ]
